<?xml version="1.0" encoding="UTF-8"?>
<testsuite name="비즈니스 로직 - 댓글" tests="6" skipped="0" failures="0" errors="0" timestamp="2023-03-11T13:31:42" hostname="APTNERui-MacBookPro.local" time="0.371">
  <properties/>
  <testcase name="댓글 정보를 입력하면, 댓글을 저장" classname="com.fc.projectboard.service.ArticleCommentServiceTest" time="0.318"/>
  <testcase name="댓글 ID를 입력하면, 댓글을 삭제한다." classname="com.fc.projectboard.service.ArticleCommentServiceTest" time="0.001"/>
  <testcase name="댓글 저장을 시도했는데 맞는 게시글이 없으면, 경고 로그를 찍고 아무것도 안 한다." classname="com.fc.projectboard.service.ArticleCommentServiceTest" time="0.004"/>
  <testcase name="게시글 아이디를 통한 게시글 댓글 조회" classname="com.fc.projectboard.service.ArticleCommentServiceTest" time="0.027"/>
  <testcase name="댓글 정보를 입력하면, 댓글을 수정한다." classname="com.fc.projectboard.service.ArticleCommentServiceTest" time="0.003"/>
  <testcase name="없는 댓글 정보를 수정하려고 하면, 경고 로그를 찍고 아무 것도 안 한다." classname="com.fc.projectboard.service.ArticleCommentServiceTest" time="0.014"/>
  <system-out><![CDATA[22:31:42.698 [Test worker] WARN com.fc.projectboard.service.ArticleCommentService - Save comment is failed, Cannot find article or writer - dto : null
22:31:42.733 [Test worker] WARN com.fc.projectboard.service.ArticleCommentService - Update comment is failed, Cannot find comment - dto : ArticleCommentDto[id=1, articleId=1, userAccountDto=UserAccountDto[userId=fkaa, userPassword=password, email=fkaa@mail.com, nickname=fkaa, memo=This is memo, createAt=2023-03-11T22:31:42.733732, createdBy=fkaa, modifiedAt=2023-03-11T22:31:42.733742, modifiedBy=fkaa], content=댓글, createdAt=2023-03-11T22:31:42.733746, createdBy=fkaa, modifiedAt=2023-03-11T22:31:42.733748, modifiedBy=fkaa]
]]></system-out>
  <system-err><![CDATA[]]></system-err>
</testsuite>
